Build started 7/24/2014 10:41:51 AM.
     1>Project "C:\Users\Owner\Documents\Phantom Games Development\Galactic 2D\Galactic2D\Galactic2D\Galactic2D.vcxproj" on node 2 (Build target(s)).
     1>ClCompile:
         C:\Program Files (x86)\Microsoft Visual Studio 12.0\VC\bin\x86_amd64\CL.exe /c /Zi /nologo /W3 /WX- /O2 /Oi /GL /D WIN32 /D NDEBUG /D _WINDOWS /D _CRT_SECURE_NO_WARNINGS /D UNICODE /D _UNICODE /D _UNICODE /D UNICODE /Gm- /EHsc /MD /GS /Gy /fp:precise /Zc:wchar_t /Zc:forScope /Fo"x64\Release\\" /Fd"x64\Release\vc120.pdb" /Gd /TP /errorReport:prompt Source\Console\console.cpp Source\Console\logging.cpp Source\EngineCore\engineCore.cpp Source\EngineCore\Files\crc.cpp Source\EngineCore\Files\directory.cpp Source\EngineCore\Files\file.cpp Source\EngineCore\Files\fileCore.cpp Source\EngineCore\Files\filePath.cpp Source\EngineCore\Files\fileRef.cpp Source\EngineCore\Files\fileSystem.cpp Source\EngineCore\GenericPlatform\genericPlatform.cpp Source\EngineCore\GenericPlatform\genericPlatformOperations.cpp Source\EngineCore\GenericPlatform\genericPlatformTime.cpp Source\EngineCore\Stream\bitStream.cpp Source\EngineCore\Stream\fileStream.cpp Source\EngineCore\Stream\stream.cpp Source\EngineCore\Tools\huffman.cpp Source\EngineCore\Tools\string.cpp Source\EngineCore\Windows\WinTime.cpp
         console.cpp
         logging.cpp
     1>c:\users\owner\documents\phantom games development\galactic 2d\galactic2d\galactic2d\source\enginecore\Thread/singleThreadBase.h(97): error C2079: 'Galactic::Core::SingleThreadedContinualThread::threadName' uses undefined class 'Galactic::Core::String'
         engineCore.cpp
         crc.cpp
     1>c:\users\owner\documents\phantom games development\galactic 2d\galactic2d\galactic2d\source\enginecore\files\../Stream/stream.h(118): error C4430: missing type specifier - int assumed. Note: C++ does not support default-int
     1>c:\users\owner\documents\phantom games development\galactic 2d\galactic2d\galactic2d\source\enginecore\files\../Stream/stream.h(118): error C2143: syntax error : missing ',' before '&'
     1>c:\users\owner\documents\phantom games development\galactic 2d\galactic2d\galactic2d\source\enginecore\files\../Stream/stream.h(120): error C2061: syntax error : identifier 'ENetAddress'
     1>c:\users\owner\documents\phantom games development\galactic 2d\galactic2d\galactic2d\source\enginecore\files\../Stream/stream.h(138): error C2535: 'bool Galactic::Core::Streams::Stream::write(const int)' : member function already defined or declared
                 c:\users\owner\documents\phantom games development\galactic 2d\galactic2d\galactic2d\source\enginecore\files\../Stream/stream.h(118) : see declaration of 'Galactic::Core::Streams::Stream::write'
         directory.cpp
     1>c:\users\owner\documents\phantom games development\galactic 2d\galactic2d\galactic2d\source\enginecore\delegates\../Tools/reference.h(404): error C2955: 'Galactic::Core::StrongObject' : use of class template requires template argument list
                 c:\users\owner\documents\phantom games development\galactic 2d\galactic2d\galactic2d\source\enginecore\delegates\../Tools/reference.h(308) : see declaration of 'Galactic::Core::StrongObject'
                 c:\users\owner\documents\phantom games development\galactic 2d\galactic2d\galactic2d\source\enginecore\delegates\../Tools/reference.h(872) : see reference to class template instantiation 'Galactic::Core::WeakObject<0>' being compiled
                 c:\users\owner\documents\phantom games development\galactic 2d\galactic2d\galactic2d\source\enginecore\delegates\../Tools/reference.h(961) : see reference to class template instantiation 'Galactic::Core::WeakReferencePtr<T,0>' being compiled
                 with
                 [
                     T=Galactic::Core::Files::FileBase
                 ]
                 c:\users\owner\documents\phantom games development\galactic 2d\galactic2d\galactic2d\source\enginecore\files\fileBase.h(26) : see reference to class template instantiation 'Galactic::Core::createStrongFromObj<Galactic::Core::Files::FileBase,0>' being compiled
         file.cpp
     1>c:\users\owner\documents\phantom games development\galactic 2d\galactic2d\galactic2d\source\enginecore\delegates\../Tools/reference.h(404): error C2955: 'Galactic::Core::StrongObject' : use of class template requires template argument list
                 c:\users\owner\documents\phantom games development\galactic 2d\galactic2d\galactic2d\source\enginecore\delegates\../Tools/reference.h(308) : see declaration of 'Galactic::Core::StrongObject'
                 c:\users\owner\documents\phantom games development\galactic 2d\galactic2d\galactic2d\source\enginecore\delegates\../Tools/reference.h(872) : see reference to class template instantiation 'Galactic::Core::WeakObject<0>' being compiled
                 c:\users\owner\documents\phantom games development\galactic 2d\galactic2d\galactic2d\source\enginecore\delegates\../Tools/reference.h(961) : see reference to class template instantiation 'Galactic::Core::WeakReferencePtr<T,0>' being compiled
                 with
                 [
                     T=Galactic::Core::Files::FileBase
                 ]
                 c:\users\owner\documents\phantom games development\galactic 2d\galactic2d\galactic2d\source\enginecore\files\fileBase.h(26) : see reference to class template instantiation 'Galactic::Core::createStrongFromObj<Galactic::Core::Files::FileBase,0>' being compiled
         fileCore.cpp
     1>c:\users\owner\documents\phantom games development\galactic 2d\galactic2d\galactic2d\source\enginecore\delegates\../Tools/reference.h(404): error C2955: 'Galactic::Core::StrongObject' : use of class template requires template argument list
                 c:\users\owner\documents\phantom games development\galactic 2d\galactic2d\galactic2d\source\enginecore\delegates\../Tools/reference.h(308) : see declaration of 'Galactic::Core::StrongObject'
                 c:\users\owner\documents\phantom games development\galactic 2d\galactic2d\galactic2d\source\enginecore\delegates\../Tools/reference.h(872) : see reference to class template instantiation 'Galactic::Core::WeakObject<0>' being compiled
                 c:\users\owner\documents\phantom games development\galactic 2d\galactic2d\galactic2d\source\enginecore\delegates\../Tools/reference.h(961) : see reference to class template instantiation 'Galactic::Core::WeakReferencePtr<T,0>' being compiled
                 with
                 [
                     T=Galactic::Core::Files::FileBase
                 ]
                 c:\users\owner\documents\phantom games development\galactic 2d\galactic2d\galactic2d\source\enginecore\files\fileBase.h(26) : see reference to class template instantiation 'Galactic::Core::createStrongFromObj<Galactic::Core::Files::FileBase,0>' being compiled
         filePath.cpp
     1>c:\users\owner\documents\phantom games development\galactic 2d\galactic2d\galactic2d\source\enginecore\Thread/singleThreadBase.h(97): error C2079: 'Galactic::Core::SingleThreadedContinualThread::threadName' uses undefined class 'Galactic::Core::String'
         fileRef.cpp
     1>c:\users\owner\documents\phantom games development\galactic 2d\galactic2d\galactic2d\source\enginecore\delegates\../Tools/reference.h(404): error C2955: 'Galactic::Core::StrongObject' : use of class template requires template argument list
                 c:\users\owner\documents\phantom games development\galactic 2d\galactic2d\galactic2d\source\enginecore\delegates\../Tools/reference.h(308) : see declaration of 'Galactic::Core::StrongObject'
                 c:\users\owner\documents\phantom games development\galactic 2d\galactic2d\galactic2d\source\enginecore\delegates\../Tools/reference.h(872) : see reference to class template instantiation 'Galactic::Core::WeakObject<0>' being compiled
                 c:\users\owner\documents\phantom games development\galactic 2d\galactic2d\galactic2d\source\enginecore\delegates\../Tools/reference.h(961) : see reference to class template instantiation 'Galactic::Core::WeakReferencePtr<T,0>' being compiled
                 with
                 [
                     T=Galactic::Core::Files::FileBase
                 ]
                 c:\users\owner\documents\phantom games development\galactic 2d\galactic2d\galactic2d\source\enginecore\files\fileBase.h(26) : see reference to class template instantiation 'Galactic::Core::createStrongFromObj<Galactic::Core::Files::FileBase,0>' being compiled
         fileSystem.cpp
     1>c:\users\owner\documents\phantom games development\galactic 2d\galactic2d\galactic2d\source\enginecore\delegates\../Tools/reference.h(404): error C2955: 'Galactic::Core::StrongObject' : use of class template requires template argument list
                 c:\users\owner\documents\phantom games development\galactic 2d\galactic2d\galactic2d\source\enginecore\delegates\../Tools/reference.h(308) : see declaration of 'Galactic::Core::StrongObject'
                 c:\users\owner\documents\phantom games development\galactic 2d\galactic2d\galactic2d\source\enginecore\delegates\../Tools/reference.h(872) : see reference to class template instantiation 'Galactic::Core::WeakObject<0>' being compiled
                 c:\users\owner\documents\phantom games development\galactic 2d\galactic2d\galactic2d\source\enginecore\delegates\../Tools/reference.h(961) : see reference to class template instantiation 'Galactic::Core::WeakReferencePtr<T,0>' being compiled
                 with
                 [
                     T=Galactic::Core::Files::FileBase
                 ]
                 c:\users\owner\documents\phantom games development\galactic 2d\galactic2d\galactic2d\source\enginecore\files\fileBase.h(26) : see reference to class template instantiation 'Galactic::Core::createStrongFromObj<Galactic::Core::Files::FileBase,0>' being compiled
         genericPlatform.cpp
         genericPlatformOperations.cpp
     1>Source\EngineCore\GenericPlatform\genericPlatformOperations.cpp(36): error C2653: 'PlatformOperations' : is not a class or namespace name
     1>Source\EngineCore\GenericPlatform\genericPlatformOperations.cpp(118): error C2653: 'PlatformOperations' : is not a class or namespace name
         genericPlatformTime.cpp
         bitStream.cpp
     1>c:\users\owner\documents\phantom games development\galactic 2d\galactic2d\galactic2d\source\enginecore\stream\stream.h(118): error C4430: missing type specifier - int assumed. Note: C++ does not support default-int
     1>c:\users\owner\documents\phantom games development\galactic 2d\galactic2d\galactic2d\source\enginecore\stream\stream.h(118): error C2143: syntax error : missing ',' before '&'
     1>c:\users\owner\documents\phantom games development\galactic 2d\galactic2d\galactic2d\source\enginecore\stream\stream.h(120): error C2061: syntax error : identifier 'ENetAddress'
     1>c:\users\owner\documents\phantom games development\galactic 2d\galactic2d\galactic2d\source\enginecore\stream\stream.h(138): error C2535: 'bool Galactic::Core::Streams::Stream::write(const int)' : member function already defined or declared
                 c:\users\owner\documents\phantom games development\galactic 2d\galactic2d\galactic2d\source\enginecore\stream\stream.h(118) : see declaration of 'Galactic::Core::Streams::Stream::write'
     1>c:\users\owner\documents\phantom games development\galactic 2d\galactic2d\galactic2d\source\enginecore\stream\bitStream.h(13): fatal error C1083: Cannot open include file: '../../Net/NetConnection.h': No such file or directory
         fileStream.cpp
     1>c:\users\owner\documents\phantom games development\galactic 2d\galactic2d\galactic2d\source\enginecore\stream\stream.h(118): error C4430: missing type specifier - int assumed. Note: C++ does not support default-int
     1>c:\users\owner\documents\phantom games development\galactic 2d\galactic2d\galactic2d\source\enginecore\stream\stream.h(118): error C2143: syntax error : missing ',' before '&'
     1>c:\users\owner\documents\phantom games development\galactic 2d\galactic2d\galactic2d\source\enginecore\stream\stream.h(120): error C2061: syntax error : identifier 'ENetAddress'
     1>c:\users\owner\documents\phantom games development\galactic 2d\galactic2d\galactic2d\source\enginecore\stream\stream.h(138): error C2535: 'bool Galactic::Core::Streams::Stream::write(const int)' : member function already defined or declared
                 c:\users\owner\documents\phantom games development\galactic 2d\galactic2d\galactic2d\source\enginecore\stream\stream.h(118) : see declaration of 'Galactic::Core::Streams::Stream::write'
         stream.cpp
     1>c:\users\owner\documents\phantom games development\galactic 2d\galactic2d\galactic2d\source\enginecore\stream\stream.h(118): error C4430: missing type specifier - int assumed. Note: C++ does not support default-int
     1>c:\users\owner\documents\phantom games development\galactic 2d\galactic2d\galactic2d\source\enginecore\stream\stream.h(118): error C2143: syntax error : missing ',' before '&'
     1>c:\users\owner\documents\phantom games development\galactic 2d\galactic2d\galactic2d\source\enginecore\stream\stream.h(120): error C2061: syntax error : identifier 'ENetAddress'
     1>c:\users\owner\documents\phantom games development\galactic 2d\galactic2d\galactic2d\source\enginecore\stream\stream.h(138): error C2535: 'bool Galactic::Core::Streams::Stream::write(const int)' : member function already defined or declared
                 c:\users\owner\documents\phantom games development\galactic 2d\galactic2d\galactic2d\source\enginecore\stream\stream.h(118) : see declaration of 'Galactic::Core::Streams::Stream::write'
     1>Source\EngineCore\Stream\stream.cpp(179): error C4430: missing type specifier - int assumed. Note: C++ does not support default-int
     1>Source\EngineCore\Stream\stream.cpp(179): error C2143: syntax error : missing ',' before '&'
     1>Source\EngineCore\Stream\stream.cpp(183): error C2065: 'addr' : undeclared identifier
     1>Source\EngineCore\Stream\stream.cpp(183): error C2228: left of '.host' must have class/struct/union
                 type is 'unknown-type'
     1>Source\EngineCore\Stream\stream.cpp(184): error C2065: 'addr' : undeclared identifier
     1>Source\EngineCore\Stream\stream.cpp(184): error C2228: left of '.port' must have class/struct/union
                 type is 'unknown-type'
     1>Source\EngineCore\Stream\stream.cpp(189): error C2065: 'ENetAddress' : undeclared identifier
     1>Source\EngineCore\Stream\stream.cpp(189): error C2065: 'addr' : undeclared identifier
     1>Source\EngineCore\Stream\stream.cpp(189): error C2448: 'Galactic::Core::Streams::Stream::read' : function-style initializer appears to be a function definition
     1>Source\EngineCore\Stream\stream.cpp(245): error C2084: function 'bool Galactic::Core::Streams::Stream::write(const int)' already has a body
                 c:\users\owner\documents\phantom games development\galactic 2d\galactic2d\galactic2d\source\enginecore\stream\stream.h(118) : see previous definition of 'write'
         huffman.cpp
     1>c:\users\owner\documents\phantom games development\galactic 2d\galactic2d\galactic2d\source\enginecore\stream\stream.h(118): error C4430: missing type specifier - int assumed. Note: C++ does not support default-int
     1>c:\users\owner\documents\phantom games development\galactic 2d\galactic2d\galactic2d\source\enginecore\stream\stream.h(118): error C2143: syntax error : missing ',' before '&'
     1>c:\users\owner\documents\phantom games development\galactic 2d\galactic2d\galactic2d\source\enginecore\stream\stream.h(120): error C2061: syntax error : identifier 'ENetAddress'
     1>c:\users\owner\documents\phantom games development\galactic 2d\galactic2d\galactic2d\source\enginecore\stream\stream.h(138): error C2535: 'bool Galactic::Core::Streams::Stream::write(const int)' : member function already defined or declared
                 c:\users\owner\documents\phantom games development\galactic 2d\galactic2d\galactic2d\source\enginecore\stream\stream.h(118) : see declaration of 'Galactic::Core::Streams::Stream::write'
     1>c:\users\owner\documents\phantom games development\galactic 2d\galactic2d\galactic2d\source\enginecore\tools\../Stream/bitStream.h(13): fatal error C1083: Cannot open include file: '../../Net/NetConnection.h': No such file or directory
         string.cpp
     1>c:\users\owner\documents\phantom games development\galactic 2d\galactic2d\galactic2d\source\enginecore\Thread/singleThreadBase.h(97): error C2079: 'Galactic::Core::SingleThreadedContinualThread::threadName' uses undefined class 'Galactic::Core::String'
         WinTime.cpp
     1>Source\EngineCore\Windows\WinTime.cpp(81): error C2653: 'PlatformOperations' : is not a class or namespace name
     1>Source\EngineCore\Windows\WinTime.cpp(81): error C3861: 'numLogicalCores': identifier not found
     1>Done Building Project "C:\Users\Owner\Documents\Phantom Games Development\Galactic 2D\Galactic2D\Galactic2D\Galactic2D.vcxproj" (Build target(s)) -- FAILED.

Build FAILED.

Time Elapsed 00:00:30.97
